[debug] [2024-05-15T14:53:42.135Z] ----------------------------------------------------------------------
[debug] [2024-05-15T14:53:42.136Z] Command:       /opt/homebrew/Cellar/node/22.1.0/bin/node /opt/homebrew/bin/firebase init
[debug] [2024-05-15T14:53:42.136Z] CLI Version:   13.9.0
[debug] [2024-05-15T14:53:42.136Z] Platform:      darwin
[debug] [2024-05-15T14:53:42.136Z] Node Version:  v22.1.0
[debug] [2024-05-15T14:53:42.136Z] Time:          Wed May 15 2024 10:53:42 GMT-0400 (Eastern Daylight Time)
[debug] [2024-05-15T14:53:42.137Z] ----------------------------------------------------------------------
[debug] 
[debug] [2024-05-15T14:53:42.140Z] > command requires scopes: ["email","openid","https://www.googleapis.com/auth/cloudplatformprojects.readonly","https://www.googleapis.com/auth/firebase","https://www.googleapis.com/auth/cloud-platform"]
[debug] [2024-05-15T14:53:42.140Z] > authorizing via signed-in user (lovesarahinc@gmail.com)
[info] 
     ######## #### ########  ######## ########     ###     ######  ########
     ##        ##  ##     ## ##       ##     ##  ##   ##  ##       ##
     ######    ##  ########  ######   ########  #########  ######  ######
     ##        ##  ##    ##  ##       ##     ## ##     ##       ## ##
     ##       #### ##     ## ######## ########  ##     ##  ######  ########

You're about to initialize a Firebase project in this directory:

  /Users/sarahpeony/git/mood

[info] 
=== Project Setup
[info] 
[info] First, let's associate this project directory with a Firebase project.
[info] You can create multiple project aliases by running firebase use --add, 
[info] but for now we'll just set up a default project.
[info] 
[debug] [2024-05-15T14:54:01.400Z] >>> [apiv2][query] GET https://firebase.googleapis.com/v1beta1/projects pageSize=100
[debug] [2024-05-15T14:54:02.068Z] <<< [apiv2][status] GET https://firebase.googleapis.com/v1beta1/projects 200
[debug] [2024-05-15T14:54:02.068Z] <<< [apiv2][body] GET https://firebase.googleapis.com/v1beta1/projects [omitted]
[info] i  Using project mood-49222 (Mood) 
[info] 
=== Database Setup
[info] i  database: ensuring required API firebasedatabase.googleapis.com is enabled... 
[debug] [2024-05-15T14:54:07.232Z] >>> [apiv2][query] GET https://serviceusage.googleapis.com/v1/projects/mood-49222/services/firebasedatabase.googleapis.com [none]
[debug] [2024-05-15T14:54:07.232Z] >>> [apiv2][(partial)header] GET https://serviceusage.googleapis.com/v1/projects/mood-49222/services/firebasedatabase.googleapis.com x-goog-quota-user=projects/mood-49222
[debug] [2024-05-15T14:54:07.778Z] <<< [apiv2][status] GET https://serviceusage.googleapis.com/v1/projects/mood-49222/services/firebasedatabase.googleapis.com 200
[debug] [2024-05-15T14:54:07.779Z] <<< [apiv2][body] GET https://serviceusage.googleapis.com/v1/projects/mood-49222/services/firebasedatabase.googleapis.com [omitted]
[info] ✔  database: required API firebasedatabase.googleapis.com is enabled 
[info] 
[debug] [2024-05-15T14:54:07.780Z] >>> [apiv2][query] GET https://firebasedatabase.googleapis.com/v1beta/projects/mood-49222/locations/-/instances/mood-49222-default-rtdb [none]
[debug] [2024-05-15T14:54:08.388Z] <<< [apiv2][status] GET https://firebasedatabase.googleapis.com/v1beta/projects/mood-49222/locations/-/instances/mood-49222-default-rtdb 200
[debug] [2024-05-15T14:54:08.389Z] <<< [apiv2][body] GET https://firebasedatabase.googleapis.com/v1beta/projects/mood-49222/locations/-/instances/mood-49222-default-rtdb {"name":"projects/897034545535/locations/us-central1/instances/mood-49222-default-rtdb","project":"projects/897034545535","databaseUrl":"https://mood-49222-default-rtdb.firebaseio.com","type":"DEFAULT_DATABASE","state":"ACTIVE"}
[info] 
[info] Firebase Realtime Database Security Rules allow you to define how your data should be
[info] structured and when your data can be read from and written to.
[info] 
[debug] [2024-05-15T14:54:12.858Z] >>> [apiv2][query] GET https://mood-49222-default-rtdb.firebaseio.com/.settings/rules.json [none]
[debug] [2024-05-15T14:54:13.263Z] <<< [apiv2][status] GET https://mood-49222-default-rtdb.firebaseio.com/.settings/rules.json 200
[debug] [2024-05-15T14:54:13.264Z] <<< [apiv2][body] GET https://mood-49222-default-rtdb.firebaseio.com/.settings/rules.json [stream]
[info] ✔  Database Rules for mood-49222-default-rtdb have been written to database.rules.json. 
[info] Future modifications to database.rules.json will update Realtime Database Security Rules when you run
[info] firebase deploy.
[info] 
=== Firestore Setup
[debug] [2024-05-15T14:54:13.267Z] >>> [apiv2][query] GET https://serviceusage.googleapis.com/v1/projects/mood-49222/services/firestore.googleapis.com [none]
[debug] [2024-05-15T14:54:13.267Z] >>> [apiv2][(partial)header] GET https://serviceusage.googleapis.com/v1/projects/mood-49222/services/firestore.googleapis.com x-goog-quota-user=projects/mood-49222
[debug] [2024-05-15T14:54:13.895Z] <<< [apiv2][status] GET https://serviceusage.googleapis.com/v1/projects/mood-49222/services/firestore.googleapis.com 200
[debug] [2024-05-15T14:54:13.896Z] <<< [apiv2][body] GET https://serviceusage.googleapis.com/v1/projects/mood-49222/services/firestore.googleapis.com [omitted]
[debug] [2024-05-15T14:54:13.896Z] >>> [apiv2][query] GET https://firestore.googleapis.com/v1/projects/mood-49222/databases/(default) [none]
[debug] [2024-05-15T14:54:14.316Z] <<< [apiv2][status] GET https://firestore.googleapis.com/v1/projects/mood-49222/databases/(default) 200
[debug] [2024-05-15T14:54:14.316Z] <<< [apiv2][body] GET https://firestore.googleapis.com/v1/projects/mood-49222/databases/(default) {"name":"projects/mood-49222/databases/(default)","uid":"876d84b4-7869-448b-8330-3a3409e07868","createTime":"2024-05-15T14:49:02.084403Z","updateTime":"2024-05-15T14:49:02.084403Z","locationId":"nam5","type":"FIRESTORE_NATIVE","concurrencyMode":"PESSIMISTIC","versionRetentionPeriod":"3600s","earliestVersionTime":"2024-05-15T14:49:02.084403Z","appEngineIntegrationMode":"DISABLED","keyPrefix":"s","pointInTimeRecoveryEnablement":"POINT_IN_TIME_RECOVERY_DISABLED","deleteProtectionState":"DELETE_PROTECTION_DISABLED","etag":"IMXag9b0j4YDMNHNwPHzj4YD"}
[debug] [2024-05-15T14:54:14.316Z] database_type: FIRESTORE_NATIVE
[debug] [2024-05-15T14:54:14.317Z] > command requires scopes: ["email","openid","https://www.googleapis.com/auth/cloudplatformprojects.readonly","https://www.googleapis.com/auth/firebase","https://www.googleapis.com/auth/cloud-platform"]
[debug] [2024-05-15T14:54:14.317Z] > authorizing via signed-in user (lovesarahinc@gmail.com)
[debug] [2024-05-15T14:54:14.317Z] [iam] checking project mood-49222 for permissions ["firebase.projects.get"]
[debug] [2024-05-15T14:54:14.318Z] >>> [apiv2][query] POST https://cloudresourcemanager.googleapis.com/v1/projects/mood-49222:testIamPermissions [none]
[debug] [2024-05-15T14:54:14.318Z] >>> [apiv2][(partial)header] POST https://cloudresourcemanager.googleapis.com/v1/projects/mood-49222:testIamPermissions x-goog-quota-user=projects/mood-49222
[debug] [2024-05-15T14:54:14.318Z] >>> [apiv2][body] POST https://cloudresourcemanager.googleapis.com/v1/projects/mood-49222:testIamPermissions {"permissions":["firebase.projects.get"]}
[debug] [2024-05-15T14:54:14.533Z] <<< [apiv2][status] POST https://cloudresourcemanager.googleapis.com/v1/projects/mood-49222:testIamPermissions 200
[debug] [2024-05-15T14:54:14.533Z] <<< [apiv2][body] POST https://cloudresourcemanager.googleapis.com/v1/projects/mood-49222:testIamPermissions {"permissions":["firebase.projects.get"]}
[info] 
[info] Firestore Security Rules allow you to define how and when to allow
[info] requests. You can keep these rules in your project directory
[info] and publish them with firebase deploy.
[info] 
[debug] [2024-05-15T14:54:17.970Z] >>> [apiv2][query] GET https://firebaserules.googleapis.com/v1/projects/mood-49222/releases pageSize=10&pageToken=
[debug] [2024-05-15T14:54:18.256Z] <<< [apiv2][status] GET https://firebaserules.googleapis.com/v1/projects/mood-49222/releases 200
[debug] [2024-05-15T14:54:18.256Z] <<< [apiv2][body] GET https://firebaserules.googleapis.com/v1/projects/mood-49222/releases {"releases":[{"name":"projects/mood-49222/releases/cloud.firestore","rulesetName":"projects/mood-49222/rulesets/49c7ad4d-792d-4348-9ba6-8ec1c0b352e6","createTime":"2024-05-15T14:49:07.125716Z","updateTime":"2024-05-15T14:49:07.125716Z"},{"name":"projects/mood-49222/releases/firebase.storage/mood-49222.appspot.com","rulesetName":"projects/mood-49222/rulesets/6d23aa03-d8eb-4382-af8d-131785ba90be","createTime":"2024-05-15T14:53:32.475093Z","updateTime":"2024-05-15T14:53:32.475093Z"}]}
[debug] [2024-05-15T14:54:18.257Z] Found ruleset: projects/mood-49222/rulesets/49c7ad4d-792d-4348-9ba6-8ec1c0b352e6
[debug] [2024-05-15T14:54:18.257Z] >>> [apiv2][query] GET https://firebaserules.googleapis.com/v1/projects/mood-49222/rulesets/49c7ad4d-792d-4348-9ba6-8ec1c0b352e6 [none]
[debug] [2024-05-15T14:54:18.437Z] <<< [apiv2][status] GET https://firebaserules.googleapis.com/v1/projects/mood-49222/rulesets/49c7ad4d-792d-4348-9ba6-8ec1c0b352e6 200
[debug] [2024-05-15T14:54:18.437Z] <<< [apiv2][body] GET https://firebaserules.googleapis.com/v1/projects/mood-49222/rulesets/49c7ad4d-792d-4348-9ba6-8ec1c0b352e6 [omitted]
[info] 
[info] Firestore indexes allow you to perform complex queries while
[info] maintaining performance that scales with the size of the result
[info] set. You can keep index definitions in your project directory
[info] and publish them with firebase deploy.
[info] 
[debug] [2024-05-15T14:54:21.864Z] >>> [apiv2][query] GET https://firestore.googleapis.com/v1/projects/mood-49222/databases/(default)/collectionGroups/-/indexes [none]
[debug] [2024-05-15T14:54:21.868Z] >>> [apiv2][query] GET https://firestore.googleapis.com/v1/projects/mood-49222/databases/(default)/collectionGroups/-/fields?filter=indexConfig.usesAncestorConfig=false OR ttlConfig:* [none]
[debug] [2024-05-15T14:54:22.399Z] <<< [apiv2][status] GET https://firestore.googleapis.com/v1/projects/mood-49222/databases/(default)/collectionGroups/-/fields?filter=indexConfig.usesAncestorConfig=false OR ttlConfig:* 200
[debug] [2024-05-15T14:54:22.399Z] <<< [apiv2][body] GET https://firestore.googleapis.com/v1/projects/mood-49222/databases/(default)/collectionGroups/-/fields?filter=indexConfig.usesAncestorConfig=false OR ttlConfig:* {"fields":[{"name":"projects/mood-49222/databases/(default)/collectionGroups/__default__/fields/*","indexConfig":{"indexes":[{"queryScope":"COLLECTION","fields":[{"fieldPath":"*","order":"ASCENDING"}],"state":"READY"},{"queryScope":"COLLECTION","fields":[{"fieldPath":"*","order":"DESCENDING"}],"state":"READY"},{"queryScope":"COLLECTION","fields":[{"fieldPath":"*","arrayConfig":"CONTAINS"}],"state":"READY"}]}}]}
[debug] [2024-05-15T14:54:22.399Z] <<< [apiv2][status] GET https://firestore.googleapis.com/v1/projects/mood-49222/databases/(default)/collectionGroups/-/indexes 200
[debug] [2024-05-15T14:54:22.399Z] <<< [apiv2][body] GET https://firestore.googleapis.com/v1/projects/mood-49222/databases/(default)/collectionGroups/-/indexes {}
[info] 
=== Functions Setup
[debug] [2024-05-15T14:54:22.400Z] > command requires scopes: ["email","openid","https://www.googleapis.com/auth/cloudplatformprojects.readonly","https://www.googleapis.com/auth/firebase","https://www.googleapis.com/auth/cloud-platform"]
[debug] [2024-05-15T14:54:22.400Z] > authorizing via signed-in user (lovesarahinc@gmail.com)
[debug] [2024-05-15T14:54:22.400Z] [iam] checking project mood-49222 for permissions ["firebase.projects.get"]
[debug] [2024-05-15T14:54:22.400Z] >>> [apiv2][query] POST https://cloudresourcemanager.googleapis.com/v1/projects/mood-49222:testIamPermissions [none]
[debug] [2024-05-15T14:54:22.401Z] >>> [apiv2][(partial)header] POST https://cloudresourcemanager.googleapis.com/v1/projects/mood-49222:testIamPermissions x-goog-quota-user=projects/mood-49222
[debug] [2024-05-15T14:54:22.401Z] >>> [apiv2][body] POST https://cloudresourcemanager.googleapis.com/v1/projects/mood-49222:testIamPermissions {"permissions":["firebase.projects.get"]}
[debug] [2024-05-15T14:54:22.578Z] <<< [apiv2][status] POST https://cloudresourcemanager.googleapis.com/v1/projects/mood-49222:testIamPermissions 200
[debug] [2024-05-15T14:54:22.578Z] <<< [apiv2][body] POST https://cloudresourcemanager.googleapis.com/v1/projects/mood-49222:testIamPermissions {"permissions":["firebase.projects.get"]}
[debug] [2024-05-15T14:54:22.579Z] >>> [apiv2][query] GET https://serviceusage.googleapis.com/v1/projects/mood-49222/services/cloudfunctions.googleapis.com [none]
[debug] [2024-05-15T14:54:22.579Z] >>> [apiv2][(partial)header] GET https://serviceusage.googleapis.com/v1/projects/mood-49222/services/cloudfunctions.googleapis.com x-goog-quota-user=projects/mood-49222
[debug] [2024-05-15T14:54:22.580Z] >>> [apiv2][query] GET https://serviceusage.googleapis.com/v1/projects/mood-49222/services/runtimeconfig.googleapis.com [none]
[debug] [2024-05-15T14:54:22.580Z] >>> [apiv2][(partial)header] GET https://serviceusage.googleapis.com/v1/projects/mood-49222/services/runtimeconfig.googleapis.com x-goog-quota-user=projects/mood-49222
[debug] [2024-05-15T14:54:23.105Z] <<< [apiv2][status] GET https://serviceusage.googleapis.com/v1/projects/mood-49222/services/runtimeconfig.googleapis.com 200
[debug] [2024-05-15T14:54:23.106Z] <<< [apiv2][body] GET https://serviceusage.googleapis.com/v1/projects/mood-49222/services/runtimeconfig.googleapis.com [omitted]
[debug] [2024-05-15T14:54:23.108Z] <<< [apiv2][status] GET https://serviceusage.googleapis.com/v1/projects/mood-49222/services/cloudfunctions.googleapis.com 200
[debug] [2024-05-15T14:54:23.108Z] <<< [apiv2][body] GET https://serviceusage.googleapis.com/v1/projects/mood-49222/services/cloudfunctions.googleapis.com [omitted]
[info] Let's create a new codebase for your functions.
[info] A directory corresponding to the codebase will be created in your project
[info] with sample code pre-configured.

[info] See https://firebase.google.com/docs/functions/organize-functions for
[info] more information on organizing your functions using codebases.

[info] Functions can be deployed with firebase deploy.

[info] ✔  Wrote functions/package.json 
[info] ✔  Wrote functions/.eslintrc.js 
[info] ✔  Wrote functions/tsconfig.json 
[info] ✔  Wrote functions/tsconfig.dev.json 
[info] ✔  Wrote functions/src/index.ts 
[info] ✔  Wrote functions/.gitignore 
[info] 
=== Storage Setup
[info] 
[info] Firebase Storage Security Rules allow you to define how and when to allow
[info] uploads and downloads. You can keep these rules in your project directory
[info] and publish them with firebase deploy.
[info] 
[info] ✔  Wrote storage.rules 
[info] 
=== Emulators Setup
[info] i  firestore: downloading cloud-firestore-emulator-v1.19.6.jar... {"metadata":{"emulator":{"name":"firestore"},"message":"downloading cloud-firestore-emulator-v1.19.6.jar..."}}
[debug] [2024-05-15T14:55:45.791Z] >>> [apiv2][query] GET https://storage.googleapis.com/firebase-preview-drop/emulator/cloud-firestore-emulator-v1.19.6.jar 
[debug] [2024-05-15T14:55:45.977Z] <<< [apiv2][status] GET https://storage.googleapis.com/firebase-preview-drop/emulator/cloud-firestore-emulator-v1.19.6.jar 200
[debug] [2024-05-15T14:55:45.978Z] <<< [apiv2][body] GET https://storage.googleapis.com/firebase-preview-drop/emulator/cloud-firestore-emulator-v1.19.6.jar [stream]
[info] i  database: downloading firebase-database-emulator-v4.11.2.jar... {"metadata":{"emulator":{"name":"database"},"message":"downloading firebase-database-emulator-v4.11.2.jar..."}}
[debug] [2024-05-15T14:55:51.470Z] >>> [apiv2][query] GET https://storage.googleapis.com/firebase-preview-drop/emulator/firebase-database-emulator-v4.11.2.jar 
[debug] [2024-05-15T14:55:51.604Z] <<< [apiv2][status] GET https://storage.googleapis.com/firebase-preview-drop/emulator/firebase-database-emulator-v4.11.2.jar 200
[debug] [2024-05-15T14:55:51.604Z] <<< [apiv2][body] GET https://storage.googleapis.com/firebase-preview-drop/emulator/firebase-database-emulator-v4.11.2.jar [stream]
[info] i  storage: downloading cloud-storage-rules-runtime-v1.1.3.jar... {"metadata":{"emulator":{"name":"storage"},"message":"downloading cloud-storage-rules-runtime-v1.1.3.jar..."}}
[debug] [2024-05-15T14:55:54.325Z] >>> [apiv2][query] GET https://storage.googleapis.com/firebase-preview-drop/emulator/cloud-storage-rules-runtime-v1.1.3.jar 
[debug] [2024-05-15T14:55:54.393Z] <<< [apiv2][status] GET https://storage.googleapis.com/firebase-preview-drop/emulator/cloud-storage-rules-runtime-v1.1.3.jar 200
[debug] [2024-05-15T14:55:54.393Z] <<< [apiv2][body] GET https://storage.googleapis.com/firebase-preview-drop/emulator/cloud-storage-rules-runtime-v1.1.3.jar [stream]
[info] i  ui: downloading ui-v1.11.8.zip... {"metadata":{"emulator":{"name":"ui"},"message":"downloading ui-v1.11.8.zip..."}}
[debug] [2024-05-15T14:55:58.569Z] >>> [apiv2][query] GET https://storage.googleapis.com/firebase-preview-drop/emulator/ui-v1.11.8.zip 
[info] 
=== Remoteconfig Setup
[debug] [2024-05-15T14:55:58.609Z] <<< [apiv2][status] GET https://storage.googleapis.com/firebase-preview-drop/emulator/ui-v1.11.8.zip 200
[debug] [2024-05-15T14:55:58.609Z] <<< [apiv2][body] GET https://storage.googleapis.com/firebase-preview-drop/emulator/ui-v1.11.8.zip [stream]
[debug] [2024-05-15T14:55:59.042Z] Data is 3523907
[debug] [2024-05-15T14:55:59.043Z] [unzip] Entry: client/ (compressed_size=0 bytes, uncompressed_size=0 bytes)
[debug] [2024-05-15T14:55:59.043Z] [unzip] Processing entry: client/
[debug] [2024-05-15T14:55:59.043Z] [unzip] mkdir: /Users/sarahpeony/.cache/firebase/emulators/ui-v1.11.8/client/
[debug] [2024-05-15T14:55:59.043Z] [unzip] Entry: client/favicon.ico (compressed_size=2497 bytes, uncompressed_size=7406 bytes)
[debug] [2024-05-15T14:55:59.043Z] [unzip] Processing entry: client/favicon.ico
[debug] [2024-05-15T14:55:59.043Z] [unzip] else mkdir: /Users/sarahpeony/.cache/firebase/emulators/ui-v1.11.8/client
[debug] [2024-05-15T14:55:59.043Z] [unzip] deflating: /Users/sarahpeony/.cache/firebase/emulators/ui-v1.11.8/client/favicon.ico
[debug] [2024-05-15T14:55:59.047Z] [unzip] Entry: client/apple-touch-icon.png (compressed_size=7231 bytes, uncompressed_size=7367 bytes)
[debug] [2024-05-15T14:55:59.047Z] [unzip] Processing entry: client/apple-touch-icon.png
[debug] [2024-05-15T14:55:59.047Z] [unzip] else mkdir: /Users/sarahpeony/.cache/firebase/emulators/ui-v1.11.8/client
[debug] [2024-05-15T14:55:59.047Z] [unzip] deflating: /Users/sarahpeony/.cache/firebase/emulators/ui-v1.11.8/client/apple-touch-icon.png
[debug] [2024-05-15T14:55:59.049Z] [unzip] Entry: client/android-chrome-512x512.png (compressed_size=16987 bytes, uncompressed_size=18186 bytes)
[debug] [2024-05-15T14:55:59.049Z] [unzip] Processing entry: client/android-chrome-512x512.png
[debug] [2024-05-15T14:55:59.049Z] [unzip] else mkdir: /Users/sarahpeony/.cache/firebase/emulators/ui-v1.11.8/client
[debug] [2024-05-15T14:55:59.049Z] [unzip] deflating: /Users/sarahpeony/.cache/firebase/emulators/ui-v1.11.8/client/android-chrome-512x512.png
[debug] [2024-05-15T14:55:59.050Z] [unzip] Entry: client/assets/ (compressed_size=0 bytes, uncompressed_size=0 bytes)
[debug] [2024-05-15T14:55:59.050Z] [unzip] Processing entry: client/assets/
[debug] [2024-05-15T14:55:59.050Z] [unzip] mkdir: /Users/sarahpeony/.cache/firebase/emulators/ui-v1.11.8/client/assets/
[debug] [2024-05-15T14:55:59.050Z] [unzip] Entry: client/assets/extensions/ (compressed_size=0 bytes, uncompressed_size=0 bytes)
[debug] [2024-05-15T14:55:59.050Z] [unzip] Processing entry: client/assets/extensions/
[debug] [2024-05-15T14:55:59.050Z] [unzip] mkdir: /Users/sarahpeony/.cache/firebase/emulators/ui-v1.11.8/client/assets/extensions/
[debug] [2024-05-15T14:55:59.050Z] [unzip] Entry: client/assets/extensions/default-extension.png (compressed_size=1646 bytes, uncompressed_size=1657 bytes)
[debug] [2024-05-15T14:55:59.050Z] [unzip] Processing entry: client/assets/extensions/default-extension.png
[debug] [2024-05-15T14:55:59.050Z] [unzip] else mkdir: /Users/sarahpeony/.cache/firebase/emulators/ui-v1.11.8/client/assets/extensions
[debug] [2024-05-15T14:55:59.050Z] [unzip] deflating: /Users/sarahpeony/.cache/firebase/emulators/ui-v1.11.8/client/assets/extensions/default-extension.png
[debug] [2024-05-15T14:55:59.051Z] [unzip] Entry: client/assets/index-Z4-ilXvq.js.map (compressed_size=2229704 bytes, uncompressed_size=9599487 bytes)
[debug] [2024-05-15T14:55:59.051Z] [unzip] Processing entry: client/assets/index-Z4-ilXvq.js.map
[debug] [2024-05-15T14:55:59.051Z] [unzip] else mkdir: /Users/sarahpeony/.cache/firebase/emulators/ui-v1.11.8/client/assets
[debug] [2024-05-15T14:55:59.051Z] [unzip] deflating: /Users/sarahpeony/.cache/firebase/emulators/ui-v1.11.8/client/assets/index-Z4-ilXvq.js.map
[debug] [2024-05-15T14:55:59.079Z] [unzip] Entry: client/assets/provider-icons/ (compressed_size=0 bytes, uncompressed_size=0 bytes)
[debug] [2024-05-15T14:55:59.079Z] [unzip] Processing entry: client/assets/provider-icons/
[debug] [2024-05-15T14:55:59.079Z] [unzip] mkdir: /Users/sarahpeony/.cache/firebase/emulators/ui-v1.11.8/client/assets/provider-icons/
[debug] [2024-05-15T14:55:59.079Z] [unzip] Entry: client/assets/provider-icons/auth_service_oidc.svg (compressed_size=414 bytes, uncompressed_size=858 bytes)
[debug] [2024-05-15T14:55:59.080Z] [unzip] Processing entry: client/assets/provider-icons/auth_service_oidc.svg
[debug] [2024-05-15T14:55:59.080Z] [unzip] else mkdir: /Users/sarahpeony/.cache/firebase/emulators/ui-v1.11.8/client/assets/provider-icons
[debug] [2024-05-15T14:55:59.080Z] [unzip] deflating: /Users/sarahpeony/.cache/firebase/emulators/ui-v1.11.8/client/assets/provider-icons/auth_service_oidc.svg
[debug] [2024-05-15T14:55:59.080Z] [unzip] Entry: client/assets/provider-icons/auth_service_yahoo.svg (compressed_size=577 bytes, uncompressed_size=1182 bytes)
[debug] [2024-05-15T14:55:59.080Z] [unzip] Processing entry: client/assets/provider-icons/auth_service_yahoo.svg
[debug] [2024-05-15T14:55:59.080Z] [unzip] else mkdir: /Users/sarahpeony/.cache/firebase/emulators/ui-v1.11.8/client/assets/provider-icons
[debug] [2024-05-15T14:55:59.080Z] [unzip] deflating: /Users/sarahpeony/.cache/firebase/emulators/ui-v1.11.8/client/assets/provider-icons/auth_service_yahoo.svg
[debug] [2024-05-15T14:55:59.081Z] [unzip] Entry: client/assets/provider-icons/auth_service_phone.svg (compressed_size=261 bytes, uncompressed_size=414 bytes)
[debug] [2024-05-15T14:55:59.081Z] [unzip] Processing entry: client/assets/provider-icons/auth_service_phone.svg
[debug] [2024-05-15T14:55:59.081Z] [unzip] else mkdir: /Users/sarahpeony/.cache/firebase/emulators/ui-v1.11.8/client/assets/provider-icons
[debug] [2024-05-15T14:55:59.081Z] [unzip] deflating: /Users/sarahpeony/.cache/firebase/emulators/ui-v1.11.8/client/assets/provider-icons/auth_service_phone.svg
[debug] [2024-05-15T14:55:59.081Z] [unzip] Entry: client/assets/provider-icons/auth_service_saml.svg (compressed_size=575 bytes, uncompressed_size=1226 bytes)
[debug] [2024-05-15T14:55:59.081Z] [unzip] Processing entry: client/assets/provider-icons/auth_service_saml.svg
[debug] [2024-05-15T14:55:59.081Z] [unzip] else mkdir: /Users/sarahpeony/.cache/firebase/emulators/ui-v1.11.8/client/assets/provider-icons
[debug] [2024-05-15T14:55:59.082Z] [unzip] deflating: /Users/sarahpeony/.cache/firebase/emulators/ui-v1.11.8/client/assets/provider-icons/auth_service_saml.svg
[debug] [2024-05-15T14:55:59.082Z] [unzip] Entry: client/assets/provider-icons/auth_service_mslive.svg (compressed_size=203 bytes, uncompressed_size=378 bytes)
[debug] [2024-05-15T14:55:59.082Z] [unzip] Processing entry: client/assets/provider-icons/auth_service_mslive.svg
[debug] [2024-05-15T14:55:59.082Z] [unzip] else mkdir: /Users/sarahpeony/.cache/firebase/emulators/ui-v1.11.8/client/assets/provider-icons
[debug] [2024-05-15T14:55:59.082Z] [unzip] deflating: /Users/sarahpeony/.cache/firebase/emulators/ui-v1.11.8/client/assets/provider-icons/auth_service_mslive.svg
[debug] [2024-05-15T14:55:59.083Z] [unzip] Entry: client/assets/provider-icons/auth_service_facebook.svg (compressed_size=289 bytes, uncompressed_size=457 bytes)
[debug] [2024-05-15T14:55:59.083Z] [unzip] Processing entry: client/assets/provider-icons/auth_service_facebook.svg
[debug] [2024-05-15T14:55:59.083Z] [unzip] else mkdir: /Users/sarahpeony/.cache/firebase/emulators/ui-v1.11.8/client/assets/provider-icons
[debug] [2024-05-15T14:55:59.083Z] [unzip] deflating: /Users/sarahpeony/.cache/firebase/emulators/ui-v1.11.8/client/assets/provider-icons/auth_service_facebook.svg
[debug] [2024-05-15T14:55:59.083Z] [unzip] Entry: client/assets/provider-icons/auth_service_play_games.svg (compressed_size=565 bytes, uncompressed_size=1173 bytes)
[debug] [2024-05-15T14:55:59.083Z] [unzip] Processing entry: client/assets/provider-icons/auth_service_play_games.svg
[debug] [2024-05-15T14:55:59.083Z] [unzip] else mkdir: /Users/sarahpeony/.cache/firebase/emulators/ui-v1.11.8/client/assets/provider-icons
[debug] [2024-05-15T14:55:59.083Z] [unzip] deflating: /Users/sarahpeony/.cache/firebase/emulators/ui-v1.11.8/client/assets/provider-icons/auth_service_play_games.svg
[debug] [2024-05-15T14:55:59.083Z] [unzip] Entry: client/assets/provider-icons/auth_service_github.svg (compressed_size=466 bytes, uncompressed_size=838 bytes)
[debug] [2024-05-15T14:55:59.083Z] [unzip] Processing entry: client/assets/provider-icons/auth_service_github.svg
[debug] [2024-05-15T14:55:59.083Z] [unzip] else mkdir: /Users/sarahpeony/.cache/firebase/emulators/ui-v1.11.8/client/assets/provider-icons
[debug] [2024-05-15T14:55:59.084Z] [unzip] deflating: /Users/sarahpeony/.cache/firebase/emulators/ui-v1.11.8/client/assets/provider-icons/auth_service_github.svg
[debug] [2024-05-15T14:55:59.084Z] [unzip] Entry: client/assets/provider-icons/auth_service_apple.svg (compressed_size=230 bytes, uncompressed_size=334 bytes)
[debug] [2024-05-15T14:55:59.084Z] [unzip] Processing entry: client/assets/provider-icons/auth_service_apple.svg
[debug] [2024-05-15T14:55:59.084Z] [unzip] else mkdir: /Users/sarahpeony/.cache/firebase/emulators/ui-v1.11.8/client/assets/provider-icons
[debug] [2024-05-15T14:55:59.084Z] [unzip] deflating: /Users/sarahpeony/.cache/firebase/emulators/ui-v1.11.8/client/assets/provider-icons/auth_service_apple.svg
[debug] [2024-05-15T14:55:59.084Z] [unzip] Entry: client/assets/provider-icons/auth_service_google.svg (compressed_size=409 bytes, uncompressed_size=720 bytes)
[debug] [2024-05-15T14:55:59.084Z] [unzip] Processing entry: client/assets/provider-icons/auth_service_google.svg
[debug] [2024-05-15T14:55:59.084Z] [unzip] else mkdir: /Users/sarahpeony/.cache/firebase/emulators/ui-v1.11.8/client/assets/provider-icons
[debug] [2024-05-15T14:55:59.084Z] [unzip] deflating: /Users/sarahpeony/.cache/firebase/emulators/ui-v1.11.8/client/assets/provider-icons/auth_service_google.svg
[debug] [2024-05-15T14:55:59.085Z] [unzip] Entry: client/assets/provider-icons/auth_service_email.svg (compressed_size=228 bytes, uncompressed_size=326 bytes)
[debug] [2024-05-15T14:55:59.085Z] [unzip] Processing entry: client/assets/provider-icons/auth_service_email.svg
[debug] [2024-05-15T14:55:59.085Z] [unzip] else mkdir: /Users/sarahpeony/.cache/firebase/emulators/ui-v1.11.8/client/assets/provider-icons
[debug] [2024-05-15T14:55:59.085Z] [unzip] deflating: /Users/sarahpeony/.cache/firebase/emulators/ui-v1.11.8/client/assets/provider-icons/auth_service_email.svg
[debug] [2024-05-15T14:55:59.085Z] [unzip] Entry: client/assets/provider-icons/auth_service_twitter.svg (compressed_size=444 bytes, uncompressed_size=751 bytes)
[debug] [2024-05-15T14:55:59.085Z] [unzip] Processing entry: client/assets/provider-icons/auth_service_twitter.svg
[debug] [2024-05-15T14:55:59.085Z] [unzip] else mkdir: /Users/sarahpeony/.cache/firebase/emulators/ui-v1.11.8/client/assets/provider-icons
[debug] [2024-05-15T14:55:59.085Z] [unzip] deflating: /Users/sarahpeony/.cache/firebase/emulators/ui-v1.11.8/client/assets/provider-icons/auth_service_twitter.svg
[debug] [2024-05-15T14:55:59.086Z] [unzip] Entry: client/assets/provider-icons/auth_service_game_center.svg (compressed_size=991 bytes, uncompressed_size=3921 bytes)
[debug] [2024-05-15T14:55:59.086Z] [unzip] Processing entry: client/assets/provider-icons/auth_service_game_center.svg
[debug] [2024-05-15T14:55:59.086Z] [unzip] else mkdir: /Users/sarahpeony/.cache/firebase/emulators/ui-v1.11.8/client/assets/provider-icons
[debug] [2024-05-15T14:55:59.086Z] [unzip] deflating: /Users/sarahpeony/.cache/firebase/emulators/ui-v1.11.8/client/assets/provider-icons/auth_service_game_center.svg
[debug] [2024-05-15T14:55:59.086Z] [unzip] Entry: client/assets/img/ (compressed_size=0 bytes, uncompressed_size=0 bytes)
[debug] [2024-05-15T14:55:59.086Z] [unzip] Processing entry: client/assets/img/
[debug] [2024-05-15T14:55:59.086Z] [unzip] mkdir: /Users/sarahpeony/.cache/firebase/emulators/ui-v1.11.8/client/assets/img/
[debug] [2024-05-15T14:55:59.087Z] [unzip] Entry: client/assets/img/database.png (compressed_size=29449 bytes, uncompressed_size=29988 bytes)
[debug] [2024-05-15T14:55:59.087Z] [unzip] Processing entry: client/assets/img/database.png
[debug] [2024-05-15T14:55:59.087Z] [unzip] else mkdir: /Users/sarahpeony/.cache/firebase/emulators/ui-v1.11.8/client/assets/img
[debug] [2024-05-15T14:55:59.087Z] [unzip] deflating: /Users/sarahpeony/.cache/firebase/emulators/ui-v1.11.8/client/assets/img/database.png
[debug] [2024-05-15T14:55:59.089Z] [unzip] Entry: client/assets/index-Cj5I7867.css (compressed_size=35786 bytes, uncompressed_size=297937 bytes)
[debug] [2024-05-15T14:55:59.089Z] [unzip] Processing entry: client/assets/index-Cj5I7867.css
[debug] [2024-05-15T14:55:59.089Z] [unzip] else mkdir: /Users/sarahpeony/.cache/firebase/emulators/ui-v1.11.8/client/assets
[debug] [2024-05-15T14:55:59.089Z] [unzip] deflating: /Users/sarahpeony/.cache/firebase/emulators/ui-v1.11.8/client/assets/index-Cj5I7867.css
[debug] [2024-05-15T14:55:59.089Z] [unzip] Entry: client/assets/index-Z4-ilXvq.js (compressed_size=563876 bytes, uncompressed_size=2021818 bytes)
[debug] [2024-05-15T14:55:59.089Z] [unzip] Processing entry: client/assets/index-Z4-ilXvq.js
[debug] [2024-05-15T14:55:59.089Z] [unzip] else mkdir: /Users/sarahpeony/.cache/firebase/emulators/ui-v1.11.8/client/assets
[debug] [2024-05-15T14:55:59.090Z] [unzip] deflating: /Users/sarahpeony/.cache/firebase/emulators/ui-v1.11.8/client/assets/index-Z4-ilXvq.js
[debug] [2024-05-15T14:55:59.093Z] [unzip] Entry: client/safari-pinned-tab.svg (compressed_size=838 bytes, uncompressed_size=1504 bytes)
[debug] [2024-05-15T14:55:59.094Z] [unzip] Processing entry: client/safari-pinned-tab.svg
[debug] [2024-05-15T14:55:59.094Z] [unzip] else mkdir: /Users/sarahpeony/.cache/firebase/emulators/ui-v1.11.8/client
[debug] [2024-05-15T14:55:59.094Z] [unzip] deflating: /Users/sarahpeony/.cache/firebase/emulators/ui-v1.11.8/client/safari-pinned-tab.svg
[debug] [2024-05-15T14:55:59.094Z] [unzip] Entry: client/mstile-150x150.png (compressed_size=5406 bytes, uncompressed_size=5723 bytes)
[debug] [2024-05-15T14:55:59.094Z] [unzip] Processing entry: client/mstile-150x150.png
[debug] [2024-05-15T14:55:59.094Z] [unzip] else mkdir: /Users/sarahpeony/.cache/firebase/emulators/ui-v1.11.8/client
[debug] [2024-05-15T14:55:59.094Z] [unzip] deflating: /Users/sarahpeony/.cache/firebase/emulators/ui-v1.11.8/client/mstile-150x150.png
[debug] [2024-05-15T14:55:59.094Z] [unzip] Entry: client/browserconfig.xml (compressed_size=491 bytes, uncompressed_size=822 bytes)
[debug] [2024-05-15T14:55:59.094Z] [unzip] Processing entry: client/browserconfig.xml
[debug] [2024-05-15T14:55:59.094Z] [unzip] else mkdir: /Users/sarahpeony/.cache/firebase/emulators/ui-v1.11.8/client
[debug] [2024-05-15T14:55:59.094Z] [unzip] deflating: /Users/sarahpeony/.cache/firebase/emulators/ui-v1.11.8/client/browserconfig.xml
[debug] [2024-05-15T14:55:59.094Z] [unzip] Entry: client/robots.txt (compressed_size=26 bytes, uncompressed_size=26 bytes)
[debug] [2024-05-15T14:55:59.094Z] [unzip] Processing entry: client/robots.txt
[debug] [2024-05-15T14:55:59.094Z] [unzip] else mkdir: /Users/sarahpeony/.cache/firebase/emulators/ui-v1.11.8/client
[debug] [2024-05-15T14:55:59.094Z] [unzip] Writing file: /Users/sarahpeony/.cache/firebase/emulators/ui-v1.11.8/client/robots.txt
[debug] [2024-05-15T14:55:59.095Z] [unzip] Entry: client/index.html (compressed_size=1365 bytes, uncompressed_size=3071 bytes)
[debug] [2024-05-15T14:55:59.095Z] [unzip] Processing entry: client/index.html
[debug] [2024-05-15T14:55:59.095Z] [unzip] else mkdir: /Users/sarahpeony/.cache/firebase/emulators/ui-v1.11.8/client
[debug] [2024-05-15T14:55:59.095Z] [unzip] deflating: /Users/sarahpeony/.cache/firebase/emulators/ui-v1.11.8/client/index.html
[debug] [2024-05-15T14:55:59.095Z] [unzip] Entry: client/favicon-16x16.png (compressed_size=757 bytes, uncompressed_size=777 bytes)
[debug] [2024-05-15T14:55:59.095Z] [unzip] Processing entry: client/favicon-16x16.png
[debug] [2024-05-15T14:55:59.095Z] [unzip] else mkdir: /Users/sarahpeony/.cache/firebase/emulators/ui-v1.11.8/client
[debug] [2024-05-15T14:55:59.095Z] [unzip] deflating: /Users/sarahpeony/.cache/firebase/emulators/ui-v1.11.8/client/favicon-16x16.png
[debug] [2024-05-15T14:55:59.095Z] [unzip] Entry: client/manifest.json (compressed_size=246 bytes, uncompressed_size=551 bytes)
[debug] [2024-05-15T14:55:59.095Z] [unzip] Processing entry: client/manifest.json
[debug] [2024-05-15T14:55:59.095Z] [unzip] else mkdir: /Users/sarahpeony/.cache/firebase/emulators/ui-v1.11.8/client
[debug] [2024-05-15T14:55:59.095Z] [unzip] deflating: /Users/sarahpeony/.cache/firebase/emulators/ui-v1.11.8/client/manifest.json
[debug] [2024-05-15T14:55:59.095Z] [unzip] Entry: client/favicon-32x32.png (compressed_size=1175 bytes, uncompressed_size=1175 bytes)
[debug] [2024-05-15T14:55:59.095Z] [unzip] Processing entry: client/favicon-32x32.png
[debug] [2024-05-15T14:55:59.095Z] [unzip] else mkdir: /Users/sarahpeony/.cache/firebase/emulators/ui-v1.11.8/client
[debug] [2024-05-15T14:55:59.096Z] [unzip] Writing file: /Users/sarahpeony/.cache/firebase/emulators/ui-v1.11.8/client/favicon-32x32.png
[debug] [2024-05-15T14:55:59.096Z] [unzip] Entry: client/android-chrome-192x192.png (compressed_size=7602 bytes, uncompressed_size=7834 bytes)
[debug] [2024-05-15T14:55:59.096Z] [unzip] Processing entry: client/android-chrome-192x192.png
[debug] [2024-05-15T14:55:59.096Z] [unzip] else mkdir: /Users/sarahpeony/.cache/firebase/emulators/ui-v1.11.8/client
[debug] [2024-05-15T14:55:59.096Z] [unzip] deflating: /Users/sarahpeony/.cache/firebase/emulators/ui-v1.11.8/client/android-chrome-192x192.png
[debug] [2024-05-15T14:55:59.096Z] [unzip] Entry: server/ (compressed_size=0 bytes, uncompressed_size=0 bytes)
[debug] [2024-05-15T14:55:59.096Z] [unzip] Processing entry: server/
[debug] [2024-05-15T14:55:59.096Z] [unzip] mkdir: /Users/sarahpeony/.cache/firebase/emulators/ui-v1.11.8/server/
[debug] [2024-05-15T14:55:59.096Z] [unzip] Entry: server/server.mjs (compressed_size=311497 bytes, uncompressed_size=1147307 bytes)
[debug] [2024-05-15T14:55:59.096Z] [unzip] Processing entry: server/server.mjs
[debug] [2024-05-15T14:55:59.096Z] [unzip] else mkdir: /Users/sarahpeony/.cache/firebase/emulators/ui-v1.11.8/server
[debug] [2024-05-15T14:55:59.096Z] [unzip] deflating: /Users/sarahpeony/.cache/firebase/emulators/ui-v1.11.8/server/server.mjs
[debug] [2024-05-15T14:55:59.098Z] [unzip] Entry: server/assets/ (compressed_size=0 bytes, uncompressed_size=0 bytes)
[debug] [2024-05-15T14:55:59.098Z] [unzip] Processing entry: server/assets/
[debug] [2024-05-15T14:55:59.098Z] [unzip] mkdir: /Users/sarahpeony/.cache/firebase/emulators/ui-v1.11.8/server/assets/
[debug] [2024-05-15T14:55:59.098Z] [unzip] Entry: server/assets/multipart-parser-n20ATYm_.mjs.map (compressed_size=4790 bytes, uncompressed_size=17920 bytes)
[debug] [2024-05-15T14:55:59.098Z] [unzip] Processing entry: server/assets/multipart-parser-n20ATYm_.mjs.map
[debug] [2024-05-15T14:55:59.098Z] [unzip] else mkdir: /Users/sarahpeony/.cache/firebase/emulators/ui-v1.11.8/server/assets
[debug] [2024-05-15T14:55:59.098Z] [unzip] deflating: /Users/sarahpeony/.cache/firebase/emulators/ui-v1.11.8/server/assets/multipart-parser-n20ATYm_.mjs.map
[debug] [2024-05-15T14:55:59.098Z] [unzip] Entry: server/assets/multipart-parser-n20ATYm_.mjs (compressed_size=2625 bytes, uncompressed_size=10428 bytes)
[debug] [2024-05-15T14:55:59.098Z] [unzip] Processing entry: server/assets/multipart-parser-n20ATYm_.mjs
[debug] [2024-05-15T14:55:59.098Z] [unzip] else mkdir: /Users/sarahpeony/.cache/firebase/emulators/ui-v1.11.8/server/assets
[debug] [2024-05-15T14:55:59.098Z] [unzip] deflating: /Users/sarahpeony/.cache/firebase/emulators/ui-v1.11.8/server/assets/multipart-parser-n20ATYm_.mjs
[debug] [2024-05-15T14:55:59.099Z] [unzip] Entry: server/server.mjs.map (compressed_size=286219 bytes, uncompressed_size=1310517 bytes)
[debug] [2024-05-15T14:55:59.099Z] [unzip] Processing entry: server/server.mjs.map
[debug] [2024-05-15T14:55:59.099Z] [unzip] else mkdir: /Users/sarahpeony/.cache/firebase/emulators/ui-v1.11.8/server
[debug] [2024-05-15T14:55:59.099Z] [unzip] deflating: /Users/sarahpeony/.cache/firebase/emulators/ui-v1.11.8/server/server.mjs.map
